2020-04-13 01:37:55.148  INFO 13648 --- [restartedMain] c.c.card.processor.ProcessorApplication  : Starting ProcessorApplication on jasleen with PID 13648 (/home/jasleen/Projects/code-done-right/target/classes started by jasleen in /home/jasleen/Projects/code-done-right)
2020-04-13 01:37:55.158  INFO 13648 --- [restartedMain] c.c.card.processor.ProcessorApplication  : No active profile set, falling back to default profiles: default
2020-04-13 01:37:56.853  INFO 13648 --- [restartedMain] c.c.card.processor.ProcessorApplication  : Started ProcessorApplication in 2.541 seconds (JVM running for 3.436)
2020-04-13 01:37:57.091  INFO 13648 --- [restartedMain] c.c.c.processor.logging.LoggingAspect    : RECORD_ID 87930149-e29e-4289-b0f4-f60b8c6a22ea method invoked class com.credit.card.processor.service.FileService : getAllFileNamesFromPath()arguments : ["data/new/"]
2020-04-13 01:37:57.117  INFO 13648 --- [restartedMain] c.c.c.processor.logging.LoggingAspect    : RECORD_ID 87930149-e29e-4289-b0f4-f60b8c6a22ea class com.credit.card.processor.service.FileService : getAllFileNamesFromPath()Response : ["data/new/reference0001.txt","data/new/transactions1000.txt","data/new/transactions1001.txt","data/new/transactions1002.txt","data/new/transactions1003.txt","data/new/transactions1004.txt","data/new/transactions1005.txt","data/new/transactions1006.txt","data/new/transactions1007.txt","data/new/transactions1008.txt","data/new/transactions1009.txt"]
2020-04-13 01:43:27.797  INFO 13868 --- [restartedMain] c.c.card.processor.ProcessorApplication  : Starting ProcessorApplication on jasleen with PID 13868 (/home/jasleen/Projects/code-done-right/target/classes started by jasleen in /home/jasleen/Projects/code-done-right)
2020-04-13 01:43:27.802  INFO 13868 --- [restartedMain] c.c.card.processor.ProcessorApplication  : No active profile set, falling back to default profiles: default
2020-04-13 01:43:27.965  INFO 13868 --- [restartedMain] .e.DevToolsPropertyDefaultsPostProcessor : Devtools property defaults active! Set 'spring.devtools.add-properties' to 'false' to disable
2020-04-13 01:43:29.289  INFO 13868 --- [restartedMain] o.s.b.d.a.OptionalLiveReloadServer       : LiveReload server is running on port 35729
2020-04-13 01:43:29.325  INFO 13868 --- [restartedMain] c.c.card.processor.ProcessorApplication  : Started ProcessorApplication in 2.407 seconds (JVM running for 3.356)
2020-04-13 01:43:29.568  INFO 13868 --- [restartedMain] c.c.c.processor.logging.LoggingAspect    : RECORD_ID c9ba0b4e-4fbe-4c4d-8209-e65a2a0fb5da method invoked class com.credit.card.processor.service.FileService : getAllFileNamesFromPath()arguments : ["data/new/"]
2020-04-13 01:43:29.593  INFO 13868 --- [restartedMain] c.c.c.processor.logging.LoggingAspect    : RECORD_ID c9ba0b4e-4fbe-4c4d-8209-e65a2a0fb5da class com.credit.card.processor.service.FileService : getAllFileNamesFromPath()Response : ["data/new/reference0001.txt","data/new/transactions1000.txt","data/new/transactions1001.txt","data/new/transactions1002.txt","data/new/transactions1003.txt","data/new/transactions1004.txt","data/new/transactions1005.txt","data/new/transactions1006.txt","data/new/transactions1007.txt","data/new/transactions1008.txt","data/new/transactions1009.txt"]
2020-04-13 01:46:25.395  INFO 13980 --- [restartedMain] c.c.card.processor.ProcessorApplication  : Starting ProcessorApplication on jasleen with PID 13980 (/home/jasleen/Projects/code-done-right/target/classes started by jasleen in /home/jasleen/Projects/code-done-right)
2020-04-13 01:46:25.400  INFO 13980 --- [restartedMain] c.c.card.processor.ProcessorApplication  : No active profile set, falling back to default profiles: default
2020-04-13 01:46:25.519  INFO 13980 --- [restartedMain] .e.DevToolsPropertyDefaultsPostProcessor : Devtools property defaults active! Set 'spring.devtools.add-properties' to 'false' to disable
2020-04-13 01:46:26.928  INFO 13980 --- [restartedMain] o.s.b.d.a.OptionalLiveReloadServer       : LiveReload server is running on port 35729
2020-04-13 01:46:26.966  INFO 13980 --- [restartedMain] c.c.card.processor.ProcessorApplication  : Started ProcessorApplication in 2.399 seconds (JVM running for 3.327)
2020-04-13 01:46:27.224  INFO 13980 --- [restartedMain] c.c.c.processor.logging.LoggingAspect    : RECORD_ID 067d48fd-395c-4981-9af8-680dd2caa8d9 method invoked class com.credit.card.processor.ProcessorApplication$$Lambda$262/0x0000000100294c40 : run()arguments : [[]]
2020-04-13 01:46:27.239  INFO 13980 --- [restartedMain] c.c.c.processor.logging.LoggingAspect    : RECORD_ID 93ef33be-784e-4c05-84ff-0b4e506d863f method invoked class com.credit.card.processor.service.FileService : getAllFileNamesFromPath()arguments : ["data/new/"]
2020-04-13 01:46:27.262  INFO 13980 --- [restartedMain] c.c.c.processor.logging.LoggingAspect    : RECORD_ID 93ef33be-784e-4c05-84ff-0b4e506d863f class com.credit.card.processor.service.FileService : getAllFileNamesFromPath()Response : ["data/new/reference0001.txt","data/new/transactions1000.txt","data/new/transactions1001.txt","data/new/transactions1002.txt","data/new/transactions1003.txt","data/new/transactions1004.txt","data/new/transactions1005.txt","data/new/transactions1006.txt","data/new/transactions1007.txt","data/new/transactions1008.txt","data/new/transactions1009.txt"]
2020-04-13 01:46:27.263  INFO 13980 --- [restartedMain] c.c.c.processor.logging.LoggingAspect    : RECORD_ID 067d48fd-395c-4981-9af8-680dd2caa8d9 class com.credit.card.processor.ProcessorApplication$$Lambda$262/0x0000000100294c40 : run()Response : null
2020-04-13 01:47:12.625  INFO 14065 --- [restartedMain] c.c.card.processor.ProcessorApplication  : Starting ProcessorApplication on jasleen with PID 14065 (/home/jasleen/Projects/code-done-right/target/classes started by jasleen in /home/jasleen/Projects/code-done-right)
2020-04-13 01:47:12.631  INFO 14065 --- [restartedMain] c.c.card.processor.ProcessorApplication  : No active profile set, falling back to default profiles: default
2020-04-13 01:47:12.754  INFO 14065 --- [restartedMain] .e.DevToolsPropertyDefaultsPostProcessor : Devtools property defaults active! Set 'spring.devtools.add-properties' to 'false' to disable
2020-04-13 01:47:14.198  INFO 14065 --- [restartedMain] o.s.b.d.a.OptionalLiveReloadServer       : LiveReload server is running on port 35729
2020-04-13 01:47:14.229  INFO 14065 --- [restartedMain] c.c.card.processor.ProcessorApplication  : Started ProcessorApplication in 2.449 seconds (JVM running for 3.321)
2020-04-13 01:47:14.466  INFO 14065 --- [restartedMain] c.c.c.processor.logging.LoggingAspect    : RECORD_ID 27b79264-95de-4f21-94eb-2c41ae066bf0 method invoked class com.credit.card.processor.ProcessorApplication$$Lambda$262/0x0000000100294c40 : run()arguments : [[]]
2020-04-13 01:47:14.482  INFO 14065 --- [restartedMain] c.c.c.processor.logging.LoggingAspect    : RECORD_ID b405534c-204d-4bc1-81ed-efb128b45c8f method invoked class com.credit.card.processor.service.FileService : getAllFileNamesFromPath()arguments : ["data/new/"]
2020-04-13 01:47:14.506  INFO 14065 --- [restartedMain] c.c.c.processor.logging.LoggingAspect    : RECORD_ID b405534c-204d-4bc1-81ed-efb128b45c8f class com.credit.card.processor.service.FileService : getAllFileNamesFromPath()Response : ["data/new/reference0001.txt","data/new/transactions1000.txt","data/new/transactions1001.txt","data/new/transactions1002.txt","data/new/transactions1003.txt","data/new/transactions1004.txt","data/new/transactions1005.txt","data/new/transactions1006.txt","data/new/transactions1007.txt","data/new/transactions1008.txt","data/new/transactions1009.txt"]
2020-04-13 01:47:14.507  INFO 14065 --- [restartedMain] c.c.c.processor.logging.LoggingAspect    : RECORD_ID 27b79264-95de-4f21-94eb-2c41ae066bf0 class com.credit.card.processor.ProcessorApplication$$Lambda$262/0x0000000100294c40 : run()Response : null
2020-04-13 01:48:49.156  INFO 14262 --- [main] c.c.c.p.ProcessorApplicationTests        : Starting ProcessorApplicationTests on jasleen with PID 14262 (started by jasleen in /home/jasleen/Projects/code-done-right)
2020-04-13 01:48:49.159  INFO 14262 --- [main] c.c.c.p.ProcessorApplicationTests        : No active profile set, falling back to default profiles: default
2020-04-13 01:48:50.906  INFO 14262 --- [main] c.c.c.p.ProcessorApplicationTests        : Started ProcessorApplicationTests in 2.501 seconds (JVM running for 7.282)
2020-04-13 01:48:51.500  INFO 14262 --- [main] c.c.c.processor.logging.LoggingAspect    : RECORD_ID 638397b2-4a31-489f-82d6-5ce4ae3783da method invoked class com.credit.card.processor.ProcessorApplication$$Lambda$556/0x00000001003b7040 : run()arguments : [[]]
2020-04-13 01:48:51.520  INFO 14262 --- [main] c.c.c.processor.logging.LoggingAspect    : RECORD_ID 83c70e16-5b16-4d6b-b8c4-e67820e27742 method invoked class com.credit.card.processor.service.FileService : getAllFileNamesFromPath()arguments : ["data/new/"]
2020-04-13 01:48:51.565  INFO 14262 --- [main] c.c.c.processor.logging.LoggingAspect    : RECORD_ID 83c70e16-5b16-4d6b-b8c4-e67820e27742 class com.credit.card.processor.service.FileService : getAllFileNamesFromPath()Response : ["data/new/reference0001.txt","data/new/transactions1000.txt","data/new/transactions1001.txt","data/new/transactions1002.txt","data/new/transactions1003.txt","data/new/transactions1004.txt","data/new/transactions1005.txt","data/new/transactions1006.txt","data/new/transactions1007.txt","data/new/transactions1008.txt","data/new/transactions1009.txt"]
2020-04-13 01:48:51.571  INFO 14262 --- [main] c.c.c.processor.logging.LoggingAspect    : RECORD_ID 638397b2-4a31-489f-82d6-5ce4ae3783da class com.credit.card.processor.ProcessorApplication$$Lambda$556/0x00000001003b7040 : run()Response : null
2020-04-13 01:48:52.317  INFO 14262 --- [main] c.c.c.p.s.FileProcessorScheduler         : Inside scheduler
2020-04-13 01:48:52.318  INFO 14262 --- [main] c.c.c.p.s.FileProcessorScheduler         : Scheduler activated
2020-04-13 01:48:52.419  INFO 14262 --- [main] com.tngtech.archunit.core.PluginLoader   : Detected Java version 11.0.6
2020-04-13 01:58:08.465  INFO 14671 --- [restartedMain] c.c.card.processor.ProcessorApplication  : Starting ProcessorApplication on jasleen with PID 14671 (/home/jasleen/Projects/code-done-right/target/classes started by jasleen in /home/jasleen/Projects/code-done-right)
2020-04-13 01:58:08.472  INFO 14671 --- [restartedMain] c.c.card.processor.ProcessorApplication  : No active profile set, falling back to default profiles: default
2020-04-13 01:58:08.686  INFO 14671 --- [restartedMain] .e.DevToolsPropertyDefaultsPostProcessor : Devtools property defaults active! Set 'spring.devtools.add-properties' to 'false' to disable
2020-04-13 01:58:10.115  INFO 14671 --- [restartedMain] o.s.b.d.a.OptionalLiveReloadServer       : LiveReload server is running on port 35729
2020-04-13 01:58:10.152  INFO 14671 --- [restartedMain] c.c.card.processor.ProcessorApplication  : Started ProcessorApplication in 2.794 seconds (JVM running for 3.785)
2020-04-13 01:58:10.420  INFO 14671 --- [restartedMain] c.c.c.processor.logging.LoggingAspect    : RECORD_ID 411493f0-af16-4f6e-8ab2-abe2d2122a98 method invoked class com.credit.card.processor.ProcessorApplication$$Lambda$261/0x000000010029d840 : run()arguments : [[]]
2020-04-13 01:58:10.435  INFO 14671 --- [restartedMain] c.c.c.processor.logging.LoggingAspect    : RECORD_ID 13c31671-c877-4997-a84d-12d98a06439a method invoked class com.credit.card.processor.service.FileService : getAllFileNamesFromPath()arguments : ["data/new/"]
2020-04-13 01:58:10.460  INFO 14671 --- [restartedMain] c.c.c.processor.logging.LoggingAspect    : RECORD_ID 13c31671-c877-4997-a84d-12d98a06439a class com.credit.card.processor.service.FileService : getAllFileNamesFromPath()Response : []
2020-04-13 01:58:10.466  INFO 14671 --- [restartedMain] ConditionEvaluationReportLoggingListener : 

Error starting ApplicationContext. To display the conditions report re-run your application with 'debug' enabled.
2020-04-13 01:58:10.474 ERROR 14671 --- [restartedMain] o.s.boot.SpringApplication               : Application run failed

java.lang.IllegalStateException: Failed to execute CommandLineRunner
	at org.springframework.boot.SpringApplication.callRunner(SpringApplication.java:787) ~[spring-boot-2.2.6.RELEASE.jar:2.2.6.RELEASE]
	at org.springframework.boot.SpringApplication.callRunners(SpringApplication.java:768) ~[spring-boot-2.2.6.RELEASE.jar:2.2.6.RELEASE]
	at org.springframework.boot.SpringApplication.run(SpringApplication.java:322) ~[spring-boot-2.2.6.RELEASE.jar:2.2.6.RELEASE]
	at org.springframework.boot.SpringApplication.run(SpringApplication.java:1226) ~[spring-boot-2.2.6.RELEASE.jar:2.2.6.RELEASE]
	at org.springframework.boot.SpringApplication.run(SpringApplication.java:1215) ~[spring-boot-2.2.6.RELEASE.jar:2.2.6.RELEASE]
	at com.credit.card.processor.ProcessorApplication.main(ProcessorApplication.java:23) ~[classes/:na]
	at java.base/jdk.internal.reflect.NativeMethodAccessorImpl.invoke0(Native Method) ~[na:na]
	at java.base/jdk.internal.reflect.NativeMethodAccessorImpl.invoke(NativeMethodAccessorImpl.java:62) ~[na:na]
	at java.base/jdk.internal.reflect.DelegatingMethodAccessorImpl.invoke(DelegatingMethodAccessorImpl.java:43) ~[na:na]
	at java.base/java.lang.reflect.Method.invoke(Method.java:566) ~[na:na]
	at org.springframework.boot.devtools.restart.RestartLauncher.run(RestartLauncher.java:49) ~[spring-boot-devtools-2.2.6.RELEASE.jar:2.2.6.RELEASE]
Caused by: java.nio.file.FileSystemException: src/main/resources/logs: Is a directory
	at java.base/sun.nio.fs.UnixException.translateToIOException(UnixException.java:100) ~[na:na]
	at java.base/sun.nio.fs.UnixException.rethrowAsIOException(UnixException.java:111) ~[na:na]
	at java.base/sun.nio.fs.UnixException.rethrowAsIOException(UnixException.java:116) ~[na:na]
	at java.base/sun.nio.fs.UnixFileSystemProvider.newByteChannel(UnixFileSystemProvider.java:219) ~[na:na]
	at java.base/java.nio.file.spi.FileSystemProvider.newOutputStream(FileSystemProvider.java:478) ~[na:na]
	at java.base/java.nio.file.Files.newOutputStream(Files.java:219) ~[na:na]
	at java.base/java.nio.file.Files.write(Files.java:3424) ~[na:na]
	at com.credit.card.processor.logging.LoggingAspect.applicationLogger(LoggingAspect.java:37) ~[classes/:na]
	at java.base/jdk.internal.reflect.NativeMethodAccessorImpl.invoke0(Native Method) ~[na:na]
	at java.base/jdk.internal.reflect.NativeMethodAccessorImpl.invoke(NativeMethodAccessorImpl.java:62) ~[na:na]
	at java.base/jdk.internal.reflect.DelegatingMethodAccessorImpl.invoke(DelegatingMethodAccessorImpl.java:43) ~[na:na]
	at java.base/java.lang.reflect.Method.invoke(Method.java:566) ~[na:na]
	at org.springframework.aop.aspectj.AbstractAspectJAdvice.invokeAdviceMethodWithGivenArgs(AbstractAspectJAdvice.java:644) ~[spring-aop-5.2.5.RELEASE.jar:5.2.5.RELEASE]
	at org.springframework.aop.aspectj.AbstractAspectJAdvice.invokeAdviceMethod(AbstractAspectJAdvice.java:633) ~[spring-aop-5.2.5.RELEASE.jar:5.2.5.RELEASE]
	at org.springframework.aop.aspectj.AspectJAroundAdvice.invoke(AspectJAroundAdvice.java:70) ~[spring-aop-5.2.5.RELEASE.jar:5.2.5.RELEASE]
	at org.springframework.aop.framework.ReflectiveMethodInvocation.proceed(ReflectiveMethodInvocation.java:186) ~[spring-aop-5.2.5.RELEASE.jar:5.2.5.RELEASE]
	at org.springframework.aop.framework.CglibAopProxy$CglibMethodInvocation.proceed(CglibAopProxy.java:749) ~[spring-aop-5.2.5.RELEASE.jar:5.2.5.RELEASE]
	at org.springframework.aop.interceptor.ExposeInvocationInterceptor.invoke(ExposeInvocationInterceptor.java:95) ~[spring-aop-5.2.5.RELEASE.jar:5.2.5.RELEASE]
	at org.springframework.aop.framework.ReflectiveMethodInvocation.proceed(ReflectiveMethodInvocation.java:186) ~[spring-aop-5.2.5.RELEASE.jar:5.2.5.RELEASE]
	at org.springframework.aop.framework.CglibAopProxy$CglibMethodInvocation.proceed(CglibAopProxy.java:749) ~[spring-aop-5.2.5.RELEASE.jar:5.2.5.RELEASE]
	at org.springframework.aop.framework.CglibAopProxy$DynamicAdvisedInterceptor.intercept(CglibAopProxy.java:691) ~[spring-aop-5.2.5.RELEASE.jar:5.2.5.RELEASE]
	at com.credit.card.processor.service.FileService$$EnhancerBySpringCGLIB$$1221fdab.getAllFileNamesFromPath(<generated>) ~[classes/:na]
	at com.credit.card.processor.ProcessorApplication.lambda$commandLineRunner$0(ProcessorApplication.java:30) ~[classes/:na]
	at org.springframework.boot.CommandLineRunner$$FastClassBySpringCGLIB$$1241601a.invoke(<generated>) ~[spring-boot-2.2.6.RELEASE.jar:na]
	at org.springframework.cglib.proxy.MethodProxy.invoke(MethodProxy.java:218) ~[spring-core-5.2.5.RELEASE.jar:5.2.5.RELEASE]
	at org.springframework.aop.framework.CglibAopProxy$CglibMethodInvocation.invokeJoinpoint(CglibAopProxy.java:771) ~[spring-aop-5.2.5.RELEASE.jar:5.2.5.RELEASE]
	at org.springframework.aop.framework.ReflectiveMethodInvocation.proceed(ReflectiveMethodInvocation.java:163) ~[spring-aop-5.2.5.RELEASE.jar:5.2.5.RELEASE]
	at org.springframework.aop.framework.CglibAopProxy$CglibMethodInvocation.proceed(CglibAopProxy.java:749) ~[spring-aop-5.2.5.RELEASE.jar:5.2.5.RELEASE]
	at org.springframework.aop.aspectj.MethodInvocationProceedingJoinPoint.proceed(MethodInvocationProceedingJoinPoint.java:88) ~[spring-aop-5.2.5.RELEASE.jar:5.2.5.RELEASE]
	at com.credit.card.processor.logging.LoggingAspect.applicationLogger(LoggingAspect.java:33) ~[classes/:na]
	at java.base/jdk.internal.reflect.NativeMethodAccessorImpl.invoke0(Native Method) ~[na:na]
	at java.base/jdk.internal.reflect.NativeMethodAccessorImpl.invoke(NativeMethodAccessorImpl.java:62) ~[na:na]
	at java.base/jdk.internal.reflect.DelegatingMethodAccessorImpl.invoke(DelegatingMethodAccessorImpl.java:43) ~[na:na]
	at java.base/java.lang.reflect.Method.invoke(Method.java:566) ~[na:na]
	at org.springframework.aop.aspectj.AbstractAspectJAdvice.invokeAdviceMethodWithGivenArgs(AbstractAspectJAdvice.java:644) ~[spring-aop-5.2.5.RELEASE.jar:5.2.5.RELEASE]
	at org.springframework.aop.aspectj.AbstractAspectJAdvice.invokeAdviceMethod(AbstractAspectJAdvice.java:633) ~[spring-aop-5.2.5.RELEASE.jar:5.2.5.RELEASE]
	at org.springframework.aop.aspectj.AspectJAroundAdvice.invoke(AspectJAroundAdvice.java:70) ~[spring-aop-5.2.5.RELEASE.jar:5.2.5.RELEASE]
	at org.springframework.aop.framework.ReflectiveMethodInvocation.proceed(ReflectiveMethodInvocation.java:186) ~[spring-aop-5.2.5.RELEASE.jar:5.2.5.RELEASE]
	at org.springframework.aop.framework.CglibAopProxy$CglibMethodInvocation.proceed(CglibAopProxy.java:749) ~[spring-aop-5.2.5.RELEASE.jar:5.2.5.RELEASE]
	at org.springframework.aop.interceptor.ExposeInvocationInterceptor.invoke(ExposeInvocationInterceptor.java:95) ~[spring-aop-5.2.5.RELEASE.jar:5.2.5.RELEASE]
	at org.springframework.aop.framework.ReflectiveMethodInvocation.proceed(ReflectiveMethodInvocation.java:186) ~[spring-aop-5.2.5.RELEASE.jar:5.2.5.RELEASE]
	at org.springframework.aop.framework.CglibAopProxy$CglibMethodInvocation.proceed(CglibAopProxy.java:749) ~[spring-aop-5.2.5.RELEASE.jar:5.2.5.RELEASE]
	at org.springframework.aop.framework.CglibAopProxy$DynamicAdvisedInterceptor.intercept(CglibAopProxy.java:691) ~[spring-aop-5.2.5.RELEASE.jar:5.2.5.RELEASE]
	at org.springframework.boot.CommandLineRunner$$EnhancerBySpringCGLIB$$b7cac3e9.run(<generated>) ~[spring-boot-2.2.6.RELEASE.jar:na]
	at org.springframework.boot.SpringApplication.callRunner(SpringApplication.java:784) ~[spring-boot-2.2.6.RELEASE.jar:2.2.6.RELEASE]
	... 10 common frames omitted

2020-04-13 01:59:15.575  INFO 14760 --- [restartedMain] c.c.card.processor.ProcessorApplication  : Starting ProcessorApplication on jasleen with PID 14760 (/home/jasleen/Projects/code-done-right/target/classes started by jasleen in /home/jasleen/Projects/code-done-right)
2020-04-13 01:59:15.583  INFO 14760 --- [restartedMain] c.c.card.processor.ProcessorApplication  : No active profile set, falling back to default profiles: default
2020-04-13 01:59:15.674  INFO 14760 --- [restartedMain] .e.DevToolsPropertyDefaultsPostProcessor : Devtools property defaults active! Set 'spring.devtools.add-properties' to 'false' to disable
2020-04-13 01:59:17.111  INFO 14760 --- [restartedMain] o.s.b.d.a.OptionalLiveReloadServer       : LiveReload server is running on port 35729
2020-04-13 01:59:17.148  INFO 14760 --- [restartedMain] c.c.card.processor.ProcessorApplication  : Started ProcessorApplication in 2.396 seconds (JVM running for 3.253)
2020-04-13 01:59:17.365  INFO 14760 --- [restartedMain] c.c.c.processor.logging.LoggingAspect    : RECORD_ID 032efe59-a777-465d-8946-04b4ab748fdc method invoked class com.credit.card.processor.ProcessorApplication$$Lambda$261/0x000000010029d840 : run()arguments : [[]]
2020-04-13 01:59:17.379  INFO 14760 --- [restartedMain] c.c.c.processor.logging.LoggingAspect    : RECORD_ID 2f34c97a-6ac3-4391-bd38-006a6227cf7e method invoked class com.credit.card.processor.service.FileService : getAllFileNamesFromPath()arguments : ["data/new/"]
2020-04-13 01:59:17.401  INFO 14760 --- [restartedMain] c.c.c.processor.logging.LoggingAspect    : RECORD_ID 2f34c97a-6ac3-4391-bd38-006a6227cf7e class com.credit.card.processor.service.FileService : getAllFileNamesFromPath()Response : []
2020-04-13 01:59:17.405  INFO 14760 --- [restartedMain] c.c.c.processor.logging.LoggingAspect    : List of file names in new folder
2020-04-13 01:59:17.407  INFO 14760 --- [restartedMain] c.c.c.processor.logging.LoggingAspect    : RECORD_ID 032efe59-a777-465d-8946-04b4ab748fdc class com.credit.card.processor.ProcessorApplication$$Lambda$261/0x000000010029d840 : run()Response : null
2020-04-13 02:02:01.724  INFO 14918 --- [restartedMain] c.c.card.processor.ProcessorApplication  : Starting ProcessorApplication on jasleen with PID 14918 (/home/jasleen/Projects/code-done-right/target/classes started by jasleen in /home/jasleen/Projects/code-done-right)
2020-04-13 02:02:01.732  INFO 14918 --- [restartedMain] c.c.card.processor.ProcessorApplication  : No active profile set, falling back to default profiles: default
2020-04-13 02:02:01.941  INFO 14918 --- [restartedMain] .e.DevToolsPropertyDefaultsPostProcessor : Devtools property defaults active! Set 'spring.devtools.add-properties' to 'false' to disable
2020-04-13 02:02:03.295  INFO 14918 --- [restartedMain] o.s.b.d.a.OptionalLiveReloadServer       : LiveReload server is running on port 35729
2020-04-13 02:02:03.334  INFO 14918 --- [restartedMain] c.c.card.processor.ProcessorApplication  : Started ProcessorApplication in 2.591 seconds (JVM running for 4.207)
2020-04-13 02:02:24.000  INFO 14918 --- [restartedMain] c.c.c.processor.logging.LoggingAspect    : RECORD_ID 6a4d55fe-b5e8-4167-9e1c-8247111f9a2d method invoked class com.credit.card.processor.ProcessorApplication$$Lambda$260/0x0000000100295c40 : run()arguments : [[]]
2020-04-13 02:02:27.657  INFO 14918 --- [restartedMain] c.c.c.processor.logging.LoggingAspect    : RECORD_ID 4f881eb7-2005-4f88-a30e-b7861b7972a3 method invoked class com.credit.card.processor.service.FileService : getAllFileNamesFromPath()arguments : ["data/new/"]
2020-04-13 02:02:49.030  INFO 14918 --- [restartedMain] c.c.c.processor.logging.LoggingAspect    : RECORD_ID 4f881eb7-2005-4f88-a30e-b7861b7972a3 class com.credit.card.processor.service.FileService : getAllFileNamesFromPath()Response : []
2020-04-13 02:03:13.018  INFO 14918 --- [restartedMain] c.c.c.processor.logging.LoggingAspect    : List of file names in new folder
2020-04-13 02:03:13.032  INFO 14918 --- [restartedMain] c.c.c.processor.logging.LoggingAspect    : RECORD_ID 6a4d55fe-b5e8-4167-9e1c-8247111f9a2d class com.credit.card.processor.ProcessorApplication$$Lambda$260/0x0000000100295c40 : run()Response : null
2020-04-13 02:04:54.798  INFO 15139 --- [main] c.c.c.p.ProcessorApplicationTests        : Starting ProcessorApplicationTests on jasleen with PID 15139 (started by jasleen in /home/jasleen/Projects/code-done-right)
2020-04-13 02:04:54.801  INFO 15139 --- [main] c.c.c.p.ProcessorApplicationTests        : No active profile set, falling back to default profiles: default
2020-04-13 02:04:56.264  INFO 15139 --- [main] c.c.c.p.ProcessorApplicationTests        : Started ProcessorApplicationTests in 1.993 seconds (JVM running for 4.982)
2020-04-13 02:04:56.836  INFO 15139 --- [main] c.c.c.processor.logging.LoggingAspect    : RECORD_IDa5836843-f66f-432e-9ccf-f015c4363b8a class com.credit.card.processor.service.FileService : getAllFileNamesFromPath()Response : []
2020-04-13 02:04:56.838  INFO 15139 --- [main] c.c.c.processor.logging.LoggingAspect    : List of file names in new folder
2020-04-13 02:04:56.838  INFO 15139 --- [main] c.c.c.processor.logging.LoggingAspect    : RECORD_ID54a84a2a-1d9d-4026-8820-da73d63fa3b6 class com.credit.card.processor.ProcessorApplication$$Lambda$556/0x00000001003b7040 : run()Response : null
2020-04-13 02:04:57.461  INFO 15139 --- [main] c.c.c.p.s.FileProcessorScheduler         : Inside scheduler
2020-04-13 02:04:57.467  INFO 15139 --- [main] c.c.c.p.s.FileProcessorScheduler         : Scheduler activated
2020-04-13 02:04:57.547  INFO 15139 --- [main] com.tngtech.archunit.core.PluginLoader   : Detected Java version 11.0.6
2020-04-13 02:05:39.709  INFO 15283 --- [restartedMain] c.c.card.processor.ProcessorApplication  : Starting ProcessorApplication on jasleen with PID 15283 (/home/jasleen/Projects/code-done-right/target/classes started by jasleen in /home/jasleen/Projects/code-done-right)
2020-04-13 02:05:39.718  INFO 15283 --- [restartedMain] c.c.card.processor.ProcessorApplication  : No active profile set, falling back to default profiles: default
2020-04-13 02:05:39.818  INFO 15283 --- [restartedMain] .e.DevToolsPropertyDefaultsPostProcessor : Devtools property defaults active! Set 'spring.devtools.add-properties' to 'false' to disable
2020-04-13 02:05:41.271  INFO 15283 --- [restartedMain] o.s.b.d.a.OptionalLiveReloadServer       : LiveReload server is running on port 35729
2020-04-13 02:05:41.306  INFO 15283 --- [restartedMain] c.c.card.processor.ProcessorApplication  : Started ProcessorApplication in 2.463 seconds (JVM running for 3.371)
2020-04-13 02:05:41.552  INFO 15283 --- [restartedMain] c.c.c.processor.logging.LoggingAspect    : RECORD_IDca7edb61-3c2f-4c36-9634-53110714fe2c class com.credit.card.processor.service.FileService : getAllFileNamesFromPath()Response : ["data/new/reference0001.txt","data/new/transactions1000.txt","data/new/transactions1001.txt","data/new/transactions1002.txt","data/new/transactions1003.txt","data/new/transactions1004.txt","data/new/transactions1005.txt","data/new/transactions1006.txt","data/new/transactions1007.txt","data/new/transactions1008.txt","data/new/transactions1009.txt"]
2020-04-13 02:05:41.554  INFO 15283 --- [restartedMain] c.c.c.processor.logging.LoggingAspect    : List of file names in new folder
2020-04-13 02:05:41.556  INFO 15283 --- [restartedMain] c.c.c.processor.logging.LoggingAspect    : RECORD_ID59f674e3-e794-4c24-abae-3961fb973c9a class com.credit.card.processor.ProcessorApplication$$Lambda$261/0x000000010029d840 : run()Response : null
2020-04-13 02:06:43.958  INFO 15374 --- [restartedMain] c.c.card.processor.ProcessorApplication  : Starting ProcessorApplication on jasleen with PID 15374 (/home/jasleen/Projects/code-done-right/target/classes started by jasleen in /home/jasleen/Projects/code-done-right)
2020-04-13 02:06:43.964  INFO 15374 --- [restartedMain] c.c.card.processor.ProcessorApplication  : No active profile set, falling back to default profiles: default
2020-04-13 02:06:44.136  INFO 15374 --- [restartedMain] .e.DevToolsPropertyDefaultsPostProcessor : Devtools property defaults active! Set 'spring.devtools.add-properties' to 'false' to disable
2020-04-13 02:06:45.600  INFO 15374 --- [restartedMain] o.s.b.d.a.OptionalLiveReloadServer       : LiveReload server is running on port 35729
2020-04-13 02:06:45.634  INFO 15374 --- [restartedMain] c.c.card.processor.ProcessorApplication  : Started ProcessorApplication in 2.553 seconds (JVM running for 3.677)
2020-04-13 02:06:45.928  INFO 15374 --- [restartedMain] c.c.c.processor.logging.LoggingAspect    : RECORD_IDc0b9d5ab-e1a2-4879-ba0d-c2dd4df95a60 class com.credit.card.processor.service.FileService : getAllFileNamesFromPath()Response : ["data/new/reference0001.txt","data/new/transactions1000.txt","data/new/transactions1001.txt","data/new/transactions1002.txt","data/new/transactions1003.txt","data/new/transactions1004.txt","data/new/transactions1005.txt","data/new/transactions1006.txt","data/new/transactions1007.txt","data/new/transactions1008.txt","data/new/transactions1009.txt"]
2020-04-13 02:06:45.929  INFO 15374 --- [restartedMain] c.c.c.processor.logging.LoggingAspect    : List of file names in new folder
2020-04-13 02:06:45.932  INFO 15374 --- [restartedMain] c.c.c.processor.logging.LoggingAspect    : RECORD_ID11565a0f-41af-411e-945d-a8eccbccb8f9 class com.credit.card.processor.ProcessorApplication$$Lambda$262/0x0000000100294c40 : run()Response : null
2020-04-13 02:07:08.548  INFO 15457 --- [restartedMain] c.c.card.processor.ProcessorApplication  : Starting ProcessorApplication on jasleen with PID 15457 (/home/jasleen/Projects/code-done-right/target/classes started by jasleen in /home/jasleen/Projects/code-done-right)
2020-04-13 02:07:08.555  INFO 15457 --- [restartedMain] c.c.card.processor.ProcessorApplication  : No active profile set, falling back to default profiles: default
2020-04-13 02:07:08.654  INFO 15457 --- [restartedMain] .e.DevToolsPropertyDefaultsPostProcessor : Devtools property defaults active! Set 'spring.devtools.add-properties' to 'false' to disable
2020-04-13 02:07:10.145  INFO 15457 --- [restartedMain] o.s.b.d.a.OptionalLiveReloadServer       : LiveReload server is running on port 35729
2020-04-13 02:07:10.179  INFO 15457 --- [restartedMain] c.c.card.processor.ProcessorApplication  : Started ProcessorApplication in 2.478 seconds (JVM running for 3.479)
2020-04-13 02:07:10.443  INFO 15457 --- [restartedMain] c.c.c.processor.logging.LoggingAspect    : RECORD_ID575abfc9-6011-4ddc-960b-f52108602eba class com.credit.card.processor.service.FileService : getAllFileNamesFromPath()Response : ["data/new/reference0001.txt","data/new/transactions1000.txt","data/new/transactions1001.txt","data/new/transactions1002.txt","data/new/transactions1003.txt","data/new/transactions1004.txt","data/new/transactions1005.txt","data/new/transactions1006.txt","data/new/transactions1007.txt","data/new/transactions1008.txt","data/new/transactions1009.txt"]
2020-04-13 02:07:10.444  INFO 15457 --- [restartedMain] c.c.c.processor.logging.LoggingAspect    : List of file names in new folder
2020-04-13 02:07:10.447  INFO 15457 --- [restartedMain] c.c.c.processor.logging.LoggingAspect    : RECORD_IDb935a49f-b3c6-4360-b792-802265e3fc28 class com.credit.card.processor.ProcessorApplication$$Lambda$263/0x0000000100293840 : run()Response : null
2020-04-13 02:53:15.428  INFO 17152 --- [main] c.c.c.p.ProcessorApplicationTests        : Starting ProcessorApplicationTests on jasleen with PID 17152 (started by jasleen in /home/jasleen/Projects/code-done-right)
2020-04-13 02:53:15.430  INFO 17152 --- [main] c.c.c.p.ProcessorApplicationTests        : No active profile set, falling back to default profiles: default
2020-04-13 02:53:16.238  INFO 17152 --- [main] c.c.c.p.ProcessorApplicationTests        : Started ProcessorApplicationTests in 1.166 seconds (JVM running for 5.202)
2020-04-13 03:44:55.254  INFO 18422 --- [main] c.c.c.p.ProcessorApplicationTests        : Starting ProcessorApplicationTests on jasleen with PID 18422 (started by jasleen in /home/jasleen/Projects/code-done-right)
2020-04-13 03:44:55.256  INFO 18422 --- [main] c.c.c.p.ProcessorApplicationTests        : No active profile set, falling back to default profiles: default
2020-04-13 03:44:55.920  INFO 18422 --- [main] c.c.c.p.ProcessorApplicationTests        : Started ProcessorApplicationTests in 0.925 seconds (JVM running for 4.496)
2020-04-13 04:08:30.930  INFO 19403 --- [main] c.c.c.p.ProcessorApplicationTests        : Starting ProcessorApplicationTests on jasleen with PID 19403 (started by jasleen in /home/jasleen/Projects/code-done-right)
2020-04-13 04:08:30.932  INFO 19403 --- [main] c.c.c.p.ProcessorApplicationTests        : No active profile set, falling back to default profiles: default
2020-04-13 04:08:31.659  INFO 19403 --- [main] c.c.c.p.ProcessorApplicationTests        : Started ProcessorApplicationTests in 1.108 seconds (JVM running for 5.144)
2020-04-13 04:09:25.302  INFO 19628 --- [main] c.c.c.p.ProcessorApplicationTests        : Starting ProcessorApplicationTests on jasleen with PID 19628 (started by jasleen in /home/jasleen/Projects/code-done-right)
2020-04-13 04:09:25.305  INFO 19628 --- [main] c.c.c.p.ProcessorApplicationTests        : No active profile set, falling back to default profiles: default
2020-04-13 04:09:26.393  INFO 19628 --- [main] c.c.c.p.ProcessorApplicationTests        : Started ProcessorApplicationTests in 1.637 seconds (JVM running for 4.368)
2020-04-13 04:09:27.120  INFO 19628 --- [main] com.tngtech.archunit.core.PluginLoader   : Detected Java version 11.0.6
